----- Lab 01 -----

Defining numerical values
R1 =  1.0033
R2 =  2.0979
R3 =  3.0502
R4 =  4.0338
R5 =  3.1055
R6 =  2.0744
R7 =  1.0251
Kb =  7.1063
Kc =  8.2624
Va =  5.1008
Id =  1.0132
--->KCL:
eq1 =

   0.00000  -0.99671   1.80123  -0.47666   0.00000   0.00000   0.00000

eq2 =

   0.00000   0.00000  -7.58294   0.47666   0.00000   0.00000   0.00000

eq3 =

   0.00000   0.00000   7.10628   0.00000   0.32200   0.00000   0.00000

eq4 =

   0.48206   0.00000   0.00000   0.00000   0.00000   0.97551  -1.45757

eq5 =

   0.72996   0.99671  -0.99671   0.00000   0.00000   0.00000  -0.48206

eq6 =

  -1   1   0   0   0   0   0

eq7 =

   3.98296   0.00000   0.00000   0.00000   0.00000   1.00000  -3.98296

Nodal =

   0.00000  -0.99671   1.80123  -0.47666   0.00000   0.00000   0.00000
   0.00000   0.00000  -7.58294   0.47666   0.00000   0.00000   0.00000
   0.00000   0.00000   7.10628   0.00000   0.32200   0.00000   0.00000
   0.48206   0.00000   0.00000   0.00000   0.00000   0.97551  -1.45757
   0.72996   0.99671  -0.99671   0.00000   0.00000   0.00000  -0.48206
  -1.00000   1.00000   0.00000   0.00000   0.00000   0.00000   0.00000
   3.98296   0.00000   0.00000   0.00000   0.00000   1.00000  -3.98296

sources =

   0.00000
   0.00000
   1.01323
   0.00000
   0.00000
   5.10081
   0.00000

sol1 =

  -4.874663
   0.226148
  -0.038986
  -0.620197
   4.006987
  -7.801200
  -6.833308

---> KVL
Mesh =

    8.08728   -3.05015   -4.03383
   -4.03383    0.00000   -1.12900
  -21.67522   20.67522    0.00000

sources =

  -5.10081
   0.00000
   0.00000

sol2 =

  -0.26426
  -0.27704
   0.94418

Symbolic pkg v2.8.0: Python communication link active, SymPy v1.5.1.
IR3 = -0.012782
IR4 = -1.2084
IR5 =  1.2903
ans = 0
